{"/Users/germanpolicarpo/Desktop/fixing_errors/src/index.js": {"path":"/Users/germanpolicarpo/Desktop/fixing_errors/src/index.js","statementMap":{"0":{"start":{"line":1,"column":16},"end":{"line":1,"column":34}},"1":{"start":{"line":3,"column":21},"end":{"line":3,"column":36}},"2":{"start":{"line":5,"column":12},"end":{"line":5,"column":21}},"3":{"start":{"line":7,"column":0},"end":{"line":7,"column":24}},"4":{"start":{"line":9,"column":21},"end":{"line":9,"column":23}},"5":{"start":{"line":11,"column":0},"end":{"line":13,"column":3}},"6":{"start":{"line":12,"column":2},"end":{"line":12,"column":37}},"7":{"start":{"line":15,"column":0},"end":{"line":28,"column":3}},"8":{"start":{"line":16,"column":32},"end":{"line":16,"column":44}},"9":{"start":{"line":18,"column":21},"end":{"line":24,"column":3}},"10":{"start":{"line":26,"column":2},"end":{"line":26,"column":32}},"11":{"start":{"line":27,"column":2},"end":{"line":27,"column":47}},"12":{"start":{"line":30,"column":0},"end":{"line":46,"column":3}},"13":{"start":{"line":31,"column":17},"end":{"line":31,"column":31}},"14":{"start":{"line":32,"column":30},"end":{"line":32,"column":42}},"15":{"start":{"line":35,"column":26},"end":{"line":35,"column":84}},"16":{"start":{"line":35,"column":63},"end":{"line":35,"column":83}},"17":{"start":{"line":37,"column":2},"end":{"line":39,"column":3}},"18":{"start":{"line":38,"column":4},"end":{"line":38,"column":72}},"19":{"start":{"line":41,"column":2},"end":{"line":41,"column":46}},"20":{"start":{"line":42,"column":2},"end":{"line":42,"column":42}},"21":{"start":{"line":43,"column":2},"end":{"line":43,"column":46}},"22":{"start":{"line":45,"column":2},"end":{"line":45,"column":35}},"23":{"start":{"line":48,"column":0},"end":{"line":60,"column":3}},"24":{"start":{"line":49,"column":17},"end":{"line":49,"column":31}},"25":{"start":{"line":51,"column":2},"end":{"line":51,"column":79}},"26":{"start":{"line":51,"column":57},"end":{"line":51,"column":77}},"27":{"start":{"line":53,"column":2},"end":{"line":55,"column":3}},"28":{"start":{"line":54,"column":4},"end":{"line":54,"column":72}},"29":{"start":{"line":57,"column":2},"end":{"line":57,"column":42}},"30":{"start":{"line":59,"column":2},"end":{"line":59,"column":37}},"31":{"start":{"line":62,"column":0},"end":{"line":74,"column":3}},"32":{"start":{"line":63,"column":17},"end":{"line":63,"column":31}},"33":{"start":{"line":65,"column":2},"end":{"line":65,"column":79}},"34":{"start":{"line":65,"column":57},"end":{"line":65,"column":77}},"35":{"start":{"line":67,"column":2},"end":{"line":69,"column":3}},"36":{"start":{"line":68,"column":4},"end":{"line":68,"column":72}},"37":{"start":{"line":71,"column":16},"end":{"line":71,"column":53}},"38":{"start":{"line":73,"column":2},"end":{"line":73,"column":32}},"39":{"start":{"line":76,"column":0},"end":{"line":76,"column":21}}},"fnMap":{"0":{"name":"(anonymous_0)","decl":{"start":{"line":11,"column":25},"end":{"line":11,"column":26}},"loc":{"start":{"line":11,"column":48},"end":{"line":13,"column":1}},"line":11},"1":{"name":"(anonymous_1)","decl":{"start":{"line":15,"column":26},"end":{"line":15,"column":27}},"loc":{"start":{"line":15,"column":49},"end":{"line":28,"column":1}},"line":15},"2":{"name":"(anonymous_2)","decl":{"start":{"line":30,"column":29},"end":{"line":30,"column":30}},"loc":{"start":{"line":30,"column":52},"end":{"line":46,"column":1}},"line":30},"3":{"name":"(anonymous_3)","decl":{"start":{"line":35,"column":49},"end":{"line":35,"column":50}},"loc":{"start":{"line":35,"column":63},"end":{"line":35,"column":83}},"line":35},"4":{"name":"(anonymous_4)","decl":{"start":{"line":48,"column":32},"end":{"line":48,"column":33}},"loc":{"start":{"line":48,"column":55},"end":{"line":60,"column":1}},"line":48},"5":{"name":"(anonymous_5)","decl":{"start":{"line":51,"column":43},"end":{"line":51,"column":44}},"loc":{"start":{"line":51,"column":57},"end":{"line":51,"column":77}},"line":51},"6":{"name":"(anonymous_6)","decl":{"start":{"line":62,"column":35},"end":{"line":62,"column":36}},"loc":{"start":{"line":62,"column":58},"end":{"line":74,"column":1}},"line":62},"7":{"name":"(anonymous_7)","decl":{"start":{"line":65,"column":43},"end":{"line":65,"column":44}},"loc":{"start":{"line":65,"column":57},"end":{"line":65,"column":77}},"line":65}},"branchMap":{"0":{"loc":{"start":{"line":37,"column":2},"end":{"line":39,"column":3}},"type":"if","locations":[{"start":{"line":37,"column":2},"end":{"line":39,"column":3}},{"start":{"line":37,"column":2},"end":{"line":39,"column":3}}],"line":37},"1":{"loc":{"start":{"line":53,"column":2},"end":{"line":55,"column":3}},"type":"if","locations":[{"start":{"line":53,"column":2},"end":{"line":55,"column":3}},{"start":{"line":53,"column":2},"end":{"line":55,"column":3}}],"line":53},"2":{"loc":{"start":{"line":67,"column":2},"end":{"line":69,"column":3}},"type":"if","locations":[{"start":{"line":67,"column":2},"end":{"line":69,"column":3}},{"start":{"line":67,"column":2},"end":{"line":69,"column":3}}],"line":67}},"s":{"0":2,"1":2,"2":2,"3":2,"4":2,"5":2,"6":2,"7":2,"8":6,"9":6,"10":6,"11":6,"12":2,"13":3,"14":3,"15":3,"16":0,"17":0,"18":0,"19":0,"20":0,"21":0,"22":0,"23":2,"24":2,"25":2,"26":10,"27":2,"28":1,"29":1,"30":1,"31":2,"32":2,"33":2,"34":2,"35":2,"36":1,"37":1,"38":1,"39":2},"f":{"0":2,"1":6,"2":3,"3":0,"4":2,"5":10,"6":2,"7":2},"b":{"0":[0,0],"1":[1,1],"2":[1,1]},"_coverageSchema":"1a1c01bbd47fc00a2c39e90264f33305004495a9","hash":"94842bd0b233ae15780e12be9e23abd8545bbebb"}
}
