TN:
SF:src/index.js
FN:11,(anonymous_0)
FN:15,(anonymous_1)
FN:30,(anonymous_2)
FN:35,(anonymous_3)
FN:48,(anonymous_4)
FN:51,(anonymous_5)
FN:62,(anonymous_6)
FN:65,(anonymous_7)
FNF:8
FNH:7
FNDA:2,(anonymous_0)
FNDA:6,(anonymous_1)
FNDA:3,(anonymous_2)
FNDA:0,(anonymous_3)
FNDA:2,(anonymous_4)
FNDA:10,(anonymous_5)
FNDA:2,(anonymous_6)
FNDA:2,(anonymous_7)
DA:1,2
DA:3,2
DA:5,2
DA:7,2
DA:9,2
DA:11,2
DA:12,2
DA:15,2
DA:16,6
DA:18,6
DA:26,6
DA:27,6
DA:30,2
DA:31,3
DA:32,3
DA:35,3
DA:37,0
DA:38,0
DA:41,0
DA:42,0
DA:43,0
DA:45,0
DA:48,2
DA:49,2
DA:51,10
DA:53,2
DA:54,1
DA:57,1
DA:59,1
DA:62,2
DA:63,2
DA:65,2
DA:67,2
DA:68,1
DA:71,1
DA:73,1
DA:76,2
LF:37
LH:31
BRDA:37,0,0,0
BRDA:37,0,1,0
BRDA:53,1,0,1
BRDA:53,1,1,1
BRDA:67,2,0,1
BRDA:67,2,1,1
BRF:6
BRH:4
end_of_record
